[36mvite v7.3.1 [32mbuilding client environment for production...[36m[39m
transforming...
[33msrc/components/modules/auth/SignUp.tsx (154:62): "SafeIdentifier" is not exported by "node_modules/@clerk/elements/dist/react/sign-up/index.mjs", imported by "src/components/modules/auth/SignUp.tsx".[39m
[32m✓[39m 196 modules transformed.
rendering chunks...
computing gzip size...
[2mdist/[22m[32mindex.html                              [39m[1m[2m  0.46 kB[22m[1m[22m[2m │ gzip:   0.30 kB[22m
[2mdist/[22m[32massets/usaflag-ByMFh3aW.svg             [39m[1m[2m  7.68 kB[22m[1m[22m[2m │ gzip:   2.03 kB[22m
[2mdist/[22m[32massets/lingobird-2ef2x3sY.svg           [39m[1m[2m 14.61 kB[22m[1m[22m[2m │ gzip:   6.19 kB[22m
[2mdist/[22m[32massets/MainLogo-LhmzF17-.png            [39m[1m[2m 23.62 kB[22m[1m[22m
[2mdist/[22m[32massets/sayloop-logo-DDFRrvlH.png        [39m[1m[2m 78.97 kB[22m[1m[22m
[2mdist/[22m[32massets/cookie-yiuEkry0.png              [39m[1m[2m123.08 kB[22m[1m[22m
[2mdist/[22m[32massets/top-Cx08W447.png                 [39m[1m[2m141.80 kB[22m[1m[22m
[2mdist/[22m[32massets/communicate-L-my-TTt.png         [39m[1m[2m166.41 kB[22m[1m[22m
[2mdist/[22m[32massets/run-BmmDsCL4.png                 [39m[1m[2m168.00 kB[22m[1m[22m
[2mdist/[22m[32massets/loookingatSomthing-GwxZxEsh.png  [39m[1m[2m170.04 kB[22m[1m[22m
[2mdist/[22m[32massets/pencilrun-CNa1J9fL.png           [39m[1m[2m179.98 kB[22m[1m[22m
[2mdist/[22m[32massets/learn-Cc5W26Y4.png               [39m[1m[2m183.59 kB[22m[1m[22m
[2mdist/[22m[32massets/hero-2-fLPIby.png                [39m[1m[2m200.07 kB[22m[1m[22m
[2mdist/[22m[35massets/index-BKZnb5zp.css               [39m[1m[2m 45.40 kB[22m[1m[22m[2m │ gzip:   7.99 kB[22m
[2mdist/[22m[36massets/index-QWE3PpDo.js                [39m[1m[33m515.92 kB[39m[22m[2m │ gzip: 152.52 kB[22m
[33m
(!) Some chunks are larger than 500 kB after minification. Consider:
- Using dynamic import() to code-split the application
- Use build.rollupOptions.output.manualChunks to improve chunking: https://rollupjs.org/configuration-options/#output-manualchunks
- Adjust chunk size limit for this warning via build.chunkSizeWarningLimit.[39m
[32m✓ built in 4.29s[39m
